14:51:58.488 request_id=GAstU4osa0PXAIgAAABE [error]  Ошибки 
14:52:51.187 request_id=GAstX8_puC1eQvgAAASC [error] Lorem Lorem LoremLoremLoremLorem Lorem 
14:54:26.356 request_id=GAstdfhonLfGwqUAAACE [error] iudfhgijo; h foih
Lorem Lorem LoremLoremLoremLorem Lorem
Lorem Lorem LoremLoremLoremLorem LoremLorem Lorem LoremLoremLoremLorem Lorem
Lorem Lorem LoremLoremLoremLorem LoremLorem Lorem LoremLoremLoremLorem Lorem
Lorem Lorem LoremLoremLoremLorem LoremLorem Lorem LoremLoremLoremLorem LoremLorem Lorem LoremLoremLoremLorem Lorem
Lorem Lorem LoremLoremLoremLorem LoremLorem Lorem LoremLoremLoremLorem LoremLorem Lorem LoremLoremLoremLorem Lorem

15:01:26.091 request_id=GAst17KLWSlwl44AAAGF [error] iudfhgijo; h foih
Lorem Lorem LoremLoremLoremLorem Lorem
Lorem Lorem LoremLoremLoremLorem LoremLorem Lorem LoremLoremLoremLorem Lorem
Lorem Lorem LoremLoremLoremLorem LoremLorem Lorem LoremLoremLoremLorem Lorem
Lorem Lorem LoremLoremLoremLorem LoremLorem Lorem LoremLoremLoremLorem LoremLorem Lorem LoremLoremLoremLorem Lorem
Lorem Lorem LoremLoremLoremLorem LoremLorem Lorem LoremLoremLoremLorem LoremLorem Lorem LoremLoremLoremLorem Lorem

15:08:44.939 request_id=GAsuPd8w4T97FqcAAACB [error] iudfhgijo; h foih
Lorem Lorem LoremLoremLoremLorem Lorem
Lorem Lorem LoremLoremLoremLorem LoremLorem Lorem LoremLoremLoremLorem Lorem
Lorem Lorem LoremLoremLoremLorem LoremLorem Lorem LoremLoremLoremLorem Lorem
Lorem Lorem LoremLoremLoremLorem LoremLorem Lorem LoremLoremLoremLorem LoremLorem Lorem LoremLoremLoremLorem Lorem
Lorem Lorem LoremLoremLoremLorem LoremLorem Lorem LoremLoremLoremLorem LoremLorem Lorem LoremLoremLoremLorem Lorem

